2021-07-22 08:40:57.721 +08:00 [Zhaoxi.Microservice.WebApiDemo] [Information] SkyApm.InstrumentStartup : Initializing ...
2021-07-22 08:40:57.789 +08:00 [Zhaoxi.Microservice.WebApiDemo] [Information] SkyApm.Service.RegisterService : Loaded instrument service [SkyApm.Service.RegisterService].
2021-07-22 08:40:57.789 +08:00 [Zhaoxi.Microservice.WebApiDemo] [Information] SkyApm.Service.PingService : Loaded instrument service [SkyApm.Service.PingService].
2021-07-22 08:40:57.789 +08:00 [Zhaoxi.Microservice.WebApiDemo] [Information] SkyApm.Service.ServiceDiscoveryV5Service : Loaded instrument service [SkyApm.Service.ServiceDiscoveryV5Service].
2021-07-22 08:40:57.790 +08:00 [Zhaoxi.Microservice.WebApiDemo] [Information] SkyApm.Service.SegmentReportService : Loaded instrument service [SkyApm.Service.SegmentReportService].
2021-07-22 08:40:57.790 +08:00 [Zhaoxi.Microservice.WebApiDemo] [Information] SkyApm.Service.CLRStatsService : Loaded instrument service [SkyApm.Service.CLRStatsService].
2021-07-22 08:40:57.790 +08:00 [Zhaoxi.Microservice.WebApiDemo] [Information] SkyApm.Sampling.SimpleCountSamplingInterceptor : Loaded instrument service [SkyApm.Sampling.SimpleCountSamplingInterceptor].
2021-07-22 08:40:57.790 +08:00 [Zhaoxi.Microservice.WebApiDemo] [Information] SkyApm.Transport.Grpc.V6.ConnectService : Loaded instrument service [SkyApm.Transport.Grpc.V6.ConnectService].
2021-07-22 08:40:57.853 +08:00 [Zhaoxi.Microservice.WebApiDemo] [Information] SkyApm.Diagnostics.TracingDiagnosticProcessorObserver : Loaded diagnostic listener [Microsoft.AspNetCore].
2021-07-22 08:40:57.854 +08:00 [Zhaoxi.Microservice.WebApiDemo] [Information] SkyApm.Diagnostics.TracingDiagnosticProcessorObserver : Loaded diagnostic listener [HttpHandlerDiagnosticListener].
2021-07-22 08:40:57.854 +08:00 [Zhaoxi.Microservice.WebApiDemo] [Information] SkyApm.InstrumentStartup : Started SkyAPM .NET Core Agent.
2021-07-22 08:41:26.374 +08:00 [Zhaoxi.Microservice.WebApiDemo] [Information] SkyApm.InstrumentStartup : Initializing ...
2021-07-22 08:41:26.417 +08:00 [Zhaoxi.Microservice.WebApiDemo] [Information] SkyApm.Service.RegisterService : Loaded instrument service [SkyApm.Service.RegisterService].
2021-07-22 08:41:26.426 +08:00 [Zhaoxi.Microservice.WebApiDemo] [Information] SkyApm.Service.PingService : Loaded instrument service [SkyApm.Service.PingService].
2021-07-22 08:41:26.426 +08:00 [Zhaoxi.Microservice.WebApiDemo] [Information] SkyApm.Service.ServiceDiscoveryV5Service : Loaded instrument service [SkyApm.Service.ServiceDiscoveryV5Service].
2021-07-22 08:41:26.426 +08:00 [Zhaoxi.Microservice.WebApiDemo] [Information] SkyApm.Service.SegmentReportService : Loaded instrument service [SkyApm.Service.SegmentReportService].
2021-07-22 08:41:26.427 +08:00 [Zhaoxi.Microservice.WebApiDemo] [Information] SkyApm.Service.CLRStatsService : Loaded instrument service [SkyApm.Service.CLRStatsService].
2021-07-22 08:41:26.427 +08:00 [Zhaoxi.Microservice.WebApiDemo] [Information] SkyApm.Sampling.SimpleCountSamplingInterceptor : Loaded instrument service [SkyApm.Sampling.SimpleCountSamplingInterceptor].
2021-07-22 08:41:26.427 +08:00 [Zhaoxi.Microservice.WebApiDemo] [Information] SkyApm.Transport.Grpc.V6.ConnectService : Loaded instrument service [SkyApm.Transport.Grpc.V6.ConnectService].
2021-07-22 08:41:26.475 +08:00 [Zhaoxi.Microservice.WebApiDemo] [Information] SkyApm.Diagnostics.TracingDiagnosticProcessorObserver : Loaded diagnostic listener [Microsoft.AspNetCore].
2021-07-22 08:41:26.475 +08:00 [Zhaoxi.Microservice.WebApiDemo] [Information] SkyApm.Diagnostics.TracingDiagnosticProcessorObserver : Loaded diagnostic listener [HttpHandlerDiagnosticListener].
2021-07-22 08:41:26.475 +08:00 [Zhaoxi.Microservice.WebApiDemo] [Information] SkyApm.InstrumentStartup : Started SkyAPM .NET Core Agent.
2021-07-22 08:41:37.508 +08:00 [Zhaoxi.Microservice.WebApiDemo] [Error] SkyApm.Transport.Grpc.ConnectionManager : Connect server timeout.
System.Threading.Tasks.TaskCanceledException: Reached deadline.
   at Grpc.Core.Channel.WaitForStateChangedAsync(ChannelState lastObservedState, Nullable`1 deadline)
   at Grpc.Core.Channel.ConnectAsync(Nullable`1 deadline)
   at SkyApm.Transport.Grpc.ConnectionManager.ConnectAsync()
2021-07-22 08:41:41.467 +08:00 [Zhaoxi.Microservice.WebApiDemo] [Information] SkyApm.Transport.Grpc.ConnectionManager : Shutdown connection[127.0.0.1:11800].
2021-07-22 08:41:51.590 +08:00 [Zhaoxi.Microservice.WebApiDemo] [Error] SkyApm.Transport.Grpc.ConnectionManager : Connect server timeout.
System.Threading.Tasks.TaskCanceledException: Reached deadline.
   at Grpc.Core.Channel.WaitForStateChangedAsync(ChannelState lastObservedState, Nullable`1 deadline)
   at Grpc.Core.Channel.ConnectAsync(Nullable`1 deadline)
   at SkyApm.Transport.Grpc.ConnectionManager.ConnectAsync()
2021-07-22 08:41:56.480 +08:00 [Zhaoxi.Microservice.WebApiDemo] [Information] SkyApm.Transport.Grpc.ConnectionManager : Shutdown connection[127.0.0.1:11800].
