2020-08-21 21:04:12.433 +08:00 [Zhaoxi.Microservice.WebApiDemo] [Information] SkyApm.InstrumentStartup : Initializing ...
2020-08-21 21:04:12.490 +08:00 [Zhaoxi.Microservice.WebApiDemo] [Information] SkyApm.Service.RegisterService : Loaded instrument service [SkyApm.Service.RegisterService].
2020-08-21 21:04:12.491 +08:00 [Zhaoxi.Microservice.WebApiDemo] [Information] SkyApm.Service.PingService : Loaded instrument service [SkyApm.Service.PingService].
2020-08-21 21:04:12.491 +08:00 [Zhaoxi.Microservice.WebApiDemo] [Information] SkyApm.Service.ServiceDiscoveryV5Service : Loaded instrument service [SkyApm.Service.ServiceDiscoveryV5Service].
2020-08-21 21:04:12.491 +08:00 [Zhaoxi.Microservice.WebApiDemo] [Information] SkyApm.Service.SegmentReportService : Loaded instrument service [SkyApm.Service.SegmentReportService].
2020-08-21 21:04:12.492 +08:00 [Zhaoxi.Microservice.WebApiDemo] [Information] SkyApm.Service.CLRStatsService : Loaded instrument service [SkyApm.Service.CLRStatsService].
2020-08-21 21:04:12.492 +08:00 [Zhaoxi.Microservice.WebApiDemo] [Information] SkyApm.Sampling.SimpleCountSamplingInterceptor : Loaded instrument service [SkyApm.Sampling.SimpleCountSamplingInterceptor].
2020-08-21 21:04:12.492 +08:00 [Zhaoxi.Microservice.WebApiDemo] [Information] SkyApm.Transport.Grpc.V6.ConnectService : Loaded instrument service [SkyApm.Transport.Grpc.V6.ConnectService].
2020-08-21 21:04:12.545 +08:00 [Zhaoxi.Microservice.WebApiDemo] [Information] SkyApm.Diagnostics.TracingDiagnosticProcessorObserver : Loaded diagnostic listener [Microsoft.AspNetCore].
2020-08-21 21:04:12.546 +08:00 [Zhaoxi.Microservice.WebApiDemo] [Information] SkyApm.InstrumentStartup : Started SkyAPM .NET Core Agent.
2020-08-21 21:04:12.611 +08:00 [Zhaoxi.Microservice.WebApiDemo] [Information] SkyApm.Transport.Grpc.ConnectionManager : Connected server[127.0.0.1:11800].
2020-08-21 21:04:12.888 +08:00 [Zhaoxi.Microservice.WebApiDemo] [Information] SkyApm.Diagnostics.TracingDiagnosticProcessorObserver : Loaded diagnostic listener [HttpHandlerDiagnosticListener].
2020-08-21 21:04:13.118 +08:00 [Zhaoxi.Microservice.WebApiDemo] [Information] SkyApm.Service.RegisterService : Registered Service[Id=4].
2020-08-21 21:04:13.666 +08:00 [Zhaoxi.Microservice.WebApiDemo] [Information] SkyApm.Service.RegisterService : Registered ServiceInstance[Id=10].
2020-08-21 21:04:15.547 +08:00 [Zhaoxi.Microservice.WebApiDemo] [Information] SkyApm.Transport.Grpc.V6.SegmentReporter : Report 1 trace segment. cost: 00:00:00.0379658s
2020-08-21 21:04:24.506 +08:00 [Zhaoxi.Microservice.WebApiDemo] [Information] SkyApm.Transport.Grpc.V6.SegmentReporter : Report 1 trace segment. cost: 00:00:00.0079154s
2020-08-21 21:04:36.502 +08:00 [Zhaoxi.Microservice.WebApiDemo] [Information] SkyApm.Transport.Grpc.V6.SegmentReporter : Report 1 trace segment. cost: 00:00:00.0032981s
2020-08-21 21:04:42.511 +08:00 [Zhaoxi.Microservice.WebApiDemo] [Information] SkyApm.Service.PingService : Ping server @2020/8/21 13:04:42 +00:00
2020-08-21 21:04:42.514 +08:00 [Zhaoxi.Microservice.WebApiDemo] [Information] SkyApm.Service.CLRStatsService : Report CLR Stats. CPU UsagePercent 0 GenCollectCount 0 0 0 6M ThreadPool 32764 32767 1000 1000
2020-08-21 21:04:48.505 +08:00 [Zhaoxi.Microservice.WebApiDemo] [Information] SkyApm.Transport.Grpc.V6.SegmentReporter : Report 1 trace segment. cost: 00:00:00.0035610s
2020-08-21 21:05:00.503 +08:00 [Zhaoxi.Microservice.WebApiDemo] [Information] SkyApm.Transport.Grpc.V6.SegmentReporter : Report 1 trace segment. cost: 00:00:00.0043868s
2020-08-21 21:05:12.502 +08:00 [Zhaoxi.Microservice.WebApiDemo] [Information] SkyApm.Transport.Grpc.V6.SegmentReporter : Report 1 trace segment. cost: 00:00:00.0038777s
2020-08-21 21:05:12.502 +08:00 [Zhaoxi.Microservice.WebApiDemo] [Information] SkyApm.Service.CLRStatsService : Report CLR Stats. CPU UsagePercent 0.015625 GenCollectCount 0 0 0 6M ThreadPool 32762 32767 1000 1000
2020-08-21 21:05:24.504 +08:00 [Zhaoxi.Microservice.WebApiDemo] [Information] SkyApm.Transport.Grpc.V6.SegmentReporter : Report 1 trace segment. cost: 00:00:00.0029802s
2020-08-21 21:05:36.501 +08:00 [Zhaoxi.Microservice.WebApiDemo] [Information] SkyApm.Transport.Grpc.V6.SegmentReporter : Report 1 trace segment. cost: 00:00:00.0025208s
2020-08-21 21:05:42.503 +08:00 [Zhaoxi.Microservice.WebApiDemo] [Information] SkyApm.Service.PingService : Ping server @2020/8/21 13:05:42 +00:00
2020-08-21 21:05:42.505 +08:00 [Zhaoxi.Microservice.WebApiDemo] [Information] SkyApm.Service.CLRStatsService : Report CLR Stats. CPU UsagePercent 0 GenCollectCount 0 0 0 7M ThreadPool 32762 32767 1000 1000
2020-08-21 21:05:48.501 +08:00 [Zhaoxi.Microservice.WebApiDemo] [Information] SkyApm.Transport.Grpc.V6.SegmentReporter : Report 1 trace segment. cost: 00:00:00.0025901s
2020-08-21 21:06:00.505 +08:00 [Zhaoxi.Microservice.WebApiDemo] [Information] SkyApm.Transport.Grpc.V6.SegmentReporter : Report 1 trace segment. cost: 00:00:00.0024473s
2020-08-21 21:06:12.502 +08:00 [Zhaoxi.Microservice.WebApiDemo] [Information] SkyApm.Service.CLRStatsService : Report CLR Stats. CPU UsagePercent 0 GenCollectCount 0 0 0 7M ThreadPool 32762 32767 1000 1000
2020-08-21 21:06:12.503 +08:00 [Zhaoxi.Microservice.WebApiDemo] [Information] SkyApm.Transport.Grpc.V6.SegmentReporter : Report 1 trace segment. cost: 00:00:00.0039992s
2020-08-21 21:06:24.502 +08:00 [Zhaoxi.Microservice.WebApiDemo] [Information] SkyApm.Transport.Grpc.V6.SegmentReporter : Report 1 trace segment. cost: 00:00:00.0033743s
2020-08-21 21:06:36.502 +08:00 [Zhaoxi.Microservice.WebApiDemo] [Information] SkyApm.Transport.Grpc.V6.SegmentReporter : Report 1 trace segment. cost: 00:00:00.0024606s
2020-08-21 21:06:42.501 +08:00 [Zhaoxi.Microservice.WebApiDemo] [Information] SkyApm.Service.PingService : Ping server @2020/8/21 13:06:42 +00:00
2020-08-21 21:06:42.501 +08:00 [Zhaoxi.Microservice.WebApiDemo] [Information] SkyApm.Service.CLRStatsService : Report CLR Stats. CPU UsagePercent 0 GenCollectCount 0 0 0 8M ThreadPool 32765 32767 1000 1000
2020-08-21 21:06:48.505 +08:00 [Zhaoxi.Microservice.WebApiDemo] [Information] SkyApm.Transport.Grpc.V6.SegmentReporter : Report 1 trace segment. cost: 00:00:00.0033642s
2020-08-21 21:07:00.501 +08:00 [Zhaoxi.Microservice.WebApiDemo] [Information] SkyApm.Transport.Grpc.V6.SegmentReporter : Report 1 trace segment. cost: 00:00:00.0026456s
2020-08-21 21:07:12.501 +08:00 [Zhaoxi.Microservice.WebApiDemo] [Information] SkyApm.Service.CLRStatsService : Report CLR Stats. CPU UsagePercent 0 GenCollectCount 0 0 0 8M ThreadPool 32763 32767 1000 1000
2020-08-21 21:07:12.503 +08:00 [Zhaoxi.Microservice.WebApiDemo] [Information] SkyApm.Transport.Grpc.V6.SegmentReporter : Report 1 trace segment. cost: 00:00:00.0050455s
2020-08-21 21:07:24.502 +08:00 [Zhaoxi.Microservice.WebApiDemo] [Information] SkyApm.Transport.Grpc.V6.SegmentReporter : Report 1 trace segment. cost: 00:00:00.0022867s
2020-08-21 21:07:31.360 +08:00 [Zhaoxi.Microservice.WebApiDemo] [Error] SkyApm.Diagnostics.TracingDiagnosticObserver : Invoke diagnostic method exception.
System.FormatException: The input is not a valid Base-64 string as it contains a non-base 64 character, more than two padding characters, or an illegal character among the padding characters.
   at System.Convert.FromBase64CharPtr(Char* inputPtr, Int32 inputLength)
   at System.Convert.FromBase64String(String s)
   at SkyApm.Base64Formatter.Decode(String value)
   at SkyApm.Tracing.Sw6CarrierFormatter.Decode(String content)
   at SkyApm.Tracing.CarrierPropagator.Extract(ICarrierHeaderCollection headerCollection)
   at SkyApm.Tracing.TracingContext.CreateEntrySegmentContext(String operationName, ICarrierHeaderCollection carrierHeader)
   at SkyApm.AspNetCore.Diagnostics.HostingTracingDiagnosticProcessor.BeginRequest(HttpContext httpContext)
   at invoker_Void BeginRequest(HttpContext)(Object , Object[] )
   at SkyApm.Diagnostics.TracingDiagnosticMethod.Invoke(String diagnosticName, Object value)
   at SkyApm.Diagnostics.TracingDiagnosticObserver.OnNext(KeyValuePair`2 value)
2020-08-21 21:07:36.505 +08:00 [Zhaoxi.Microservice.WebApiDemo] [Information] SkyApm.Transport.Grpc.V6.SegmentReporter : Report 1 trace segment. cost: 00:00:00.0020946s
2020-08-21 21:07:42.504 +08:00 [Zhaoxi.Microservice.WebApiDemo] [Information] SkyApm.Service.CLRStatsService : Report CLR Stats. CPU UsagePercent 0 GenCollectCount 0 0 0 9M ThreadPool 32763 32767 1000 1000
2020-08-21 21:07:42.504 +08:00 [Zhaoxi.Microservice.WebApiDemo] [Information] SkyApm.Service.PingService : Ping server @2020/8/21 13:07:42 +00:00
2020-08-21 21:07:48.500 +08:00 [Zhaoxi.Microservice.WebApiDemo] [Information] SkyApm.Transport.Grpc.V6.SegmentReporter : Report 1 trace segment. cost: 00:00:00.0026811s
2020-08-21 21:08:00.502 +08:00 [Zhaoxi.Microservice.WebApiDemo] [Information] SkyApm.Transport.Grpc.V6.SegmentReporter : Report 1 trace segment. cost: 00:00:00.0023862s
2020-08-21 21:08:12.502 +08:00 [Zhaoxi.Microservice.WebApiDemo] [Information] SkyApm.Service.CLRStatsService : Report CLR Stats. CPU UsagePercent 0 GenCollectCount 0 0 0 9M ThreadPool 32762 32767 1000 1000
2020-08-21 21:08:12.503 +08:00 [Zhaoxi.Microservice.WebApiDemo] [Information] SkyApm.Transport.Grpc.V6.SegmentReporter : Report 1 trace segment. cost: 00:00:00.0045822s
2020-08-21 21:08:24.501 +08:00 [Zhaoxi.Microservice.WebApiDemo] [Information] SkyApm.Transport.Grpc.V6.SegmentReporter : Report 1 trace segment. cost: 00:00:00.0027592s
2020-08-21 21:08:36.502 +08:00 [Zhaoxi.Microservice.WebApiDemo] [Information] SkyApm.Transport.Grpc.V6.SegmentReporter : Report 1 trace segment. cost: 00:00:00.0035122s
2020-08-21 21:08:42.505 +08:00 [Zhaoxi.Microservice.WebApiDemo] [Information] SkyApm.Service.CLRStatsService : Report CLR Stats. CPU UsagePercent 0 GenCollectCount 0 0 0 9M ThreadPool 32759 32767 1000 1000
2020-08-21 21:08:42.505 +08:00 [Zhaoxi.Microservice.WebApiDemo] [Information] SkyApm.Service.PingService : Ping server @2020/8/21 13:08:42 +00:00
2020-08-21 21:08:48.502 +08:00 [Zhaoxi.Microservice.WebApiDemo] [Information] SkyApm.Transport.Grpc.V6.SegmentReporter : Report 1 trace segment. cost: 00:00:00.0015257s
2020-08-21 21:09:00.501 +08:00 [Zhaoxi.Microservice.WebApiDemo] [Information] SkyApm.Transport.Grpc.V6.SegmentReporter : Report 1 trace segment. cost: 00:00:00.0023973s
2020-08-21 21:09:12.501 +08:00 [Zhaoxi.Microservice.WebApiDemo] [Information] SkyApm.Service.CLRStatsService : Report CLR Stats. CPU UsagePercent 0 GenCollectCount 0 0 0 10M ThreadPool 32761 32767 1000 1000
2020-08-21 21:09:12.501 +08:00 [Zhaoxi.Microservice.WebApiDemo] [Information] SkyApm.Transport.Grpc.V6.SegmentReporter : Report 1 trace segment. cost: 00:00:00.0029089s
2020-08-21 21:09:24.501 +08:00 [Zhaoxi.Microservice.WebApiDemo] [Information] SkyApm.Transport.Grpc.V6.SegmentReporter : Report 1 trace segment. cost: 00:00:00.0025894s
2020-08-21 21:09:36.501 +08:00 [Zhaoxi.Microservice.WebApiDemo] [Information] SkyApm.Transport.Grpc.V6.SegmentReporter : Report 1 trace segment. cost: 00:00:00.0022279s
2020-08-21 21:09:42.504 +08:00 [Zhaoxi.Microservice.WebApiDemo] [Information] SkyApm.Service.PingService : Ping server @2020/8/21 13:09:42 +00:00
2020-08-21 21:09:42.507 +08:00 [Zhaoxi.Microservice.WebApiDemo] [Information] SkyApm.Service.CLRStatsService : Report CLR Stats. CPU UsagePercent 0 GenCollectCount 0 0 0 10M ThreadPool 32760 32767 1000 1000
2020-08-21 21:09:48.500 +08:00 [Zhaoxi.Microservice.WebApiDemo] [Information] SkyApm.Transport.Grpc.V6.SegmentReporter : Report 1 trace segment. cost: 00:00:00.0022855s
2020-08-21 21:10:00.507 +08:00 [Zhaoxi.Microservice.WebApiDemo] [Information] SkyApm.Transport.Grpc.V6.SegmentReporter : Report 1 trace segment. cost: 00:00:00.0028518s
2020-08-21 21:10:12.502 +08:00 [Zhaoxi.Microservice.WebApiDemo] [Information] SkyApm.Service.CLRStatsService : Report CLR Stats. CPU UsagePercent 0 GenCollectCount 0 0 0 11M ThreadPool 32760 32767 1000 1000
2020-08-21 21:10:12.505 +08:00 [Zhaoxi.Microservice.WebApiDemo] [Information] SkyApm.Transport.Grpc.V6.SegmentReporter : Report 1 trace segment. cost: 00:00:00.0053135s
2020-08-21 21:10:24.504 +08:00 [Zhaoxi.Microservice.WebApiDemo] [Information] SkyApm.Transport.Grpc.V6.SegmentReporter : Report 1 trace segment. cost: 00:00:00.0029248s
2020-08-21 21:10:36.501 +08:00 [Zhaoxi.Microservice.WebApiDemo] [Information] SkyApm.Transport.Grpc.V6.SegmentReporter : Report 1 trace segment. cost: 00:00:00.0022249s
2020-08-21 21:10:42.492 +08:00 [Zhaoxi.Microservice.WebApiDemo] [Information] SkyApm.Service.PingService : Ping server @2020/8/21 13:10:42 +00:00
2020-08-21 21:10:42.500 +08:00 [Zhaoxi.Microservice.WebApiDemo] [Information] SkyApm.Service.CLRStatsService : Report CLR Stats. CPU UsagePercent 0.015625 GenCollectCount 0 0 0 11M ThreadPool 32765 32767 1000 1000
2020-08-21 21:10:48.505 +08:00 [Zhaoxi.Microservice.WebApiDemo] [Information] SkyApm.Transport.Grpc.V6.SegmentReporter : Report 1 trace segment. cost: 00:00:00.0024435s
2020-08-21 21:11:00.502 +08:00 [Zhaoxi.Microservice.WebApiDemo] [Information] SkyApm.Transport.Grpc.V6.SegmentReporter : Report 1 trace segment. cost: 00:00:00.0020595s
2020-08-21 21:11:12.503 +08:00 [Zhaoxi.Microservice.WebApiDemo] [Information] SkyApm.Service.CLRStatsService : Report CLR Stats. CPU UsagePercent 0.03125 GenCollectCount 0 0 0 11M ThreadPool 32755 32767 1000 1000
2020-08-21 21:11:12.504 +08:00 [Zhaoxi.Microservice.WebApiDemo] [Information] SkyApm.Transport.Grpc.V6.SegmentReporter : Report 1 trace segment. cost: 00:00:00.0025391s
2020-08-21 21:11:24.503 +08:00 [Zhaoxi.Microservice.WebApiDemo] [Information] SkyApm.Transport.Grpc.V6.SegmentReporter : Report 1 trace segment. cost: 00:00:00.0016935s
2020-08-21 21:11:36.500 +08:00 [Zhaoxi.Microservice.WebApiDemo] [Information] SkyApm.Transport.Grpc.V6.SegmentReporter : Report 1 trace segment. cost: 00:00:00.0025746s
2020-08-21 21:11:42.501 +08:00 [Zhaoxi.Microservice.WebApiDemo] [Information] SkyApm.Service.PingService : Ping server @2020/8/21 13:11:42 +00:00
2020-08-21 21:11:42.502 +08:00 [Zhaoxi.Microservice.WebApiDemo] [Information] SkyApm.Service.CLRStatsService : Report CLR Stats. CPU UsagePercent 0 GenCollectCount 0 0 0 12M ThreadPool 32758 32767 1000 1000
2020-08-21 21:11:48.503 +08:00 [Zhaoxi.Microservice.WebApiDemo] [Information] SkyApm.Transport.Grpc.V6.SegmentReporter : Report 1 trace segment. cost: 00:00:00.0023368s
2020-08-21 21:12:00.501 +08:00 [Zhaoxi.Microservice.WebApiDemo] [Information] SkyApm.Transport.Grpc.V6.SegmentReporter : Report 1 trace segment. cost: 00:00:00.0024930s
2020-08-21 21:12:12.500 +08:00 [Zhaoxi.Microservice.WebApiDemo] [Information] SkyApm.Service.CLRStatsService : Report CLR Stats. CPU UsagePercent 0 GenCollectCount 0 0 0 12M ThreadPool 32759 32767 1000 1000
2020-08-21 21:12:12.501 +08:00 [Zhaoxi.Microservice.WebApiDemo] [Information] SkyApm.Transport.Grpc.V6.SegmentReporter : Report 1 trace segment. cost: 00:00:00.0031634s
2020-08-21 21:12:24.501 +08:00 [Zhaoxi.Microservice.WebApiDemo] [Information] SkyApm.Transport.Grpc.V6.SegmentReporter : Report 1 trace segment. cost: 00:00:00.0028001s
2020-08-21 21:12:36.500 +08:00 [Zhaoxi.Microservice.WebApiDemo] [Information] SkyApm.Transport.Grpc.V6.SegmentReporter : Report 1 trace segment. cost: 00:00:00.0017107s
2020-08-21 21:12:42.500 +08:00 [Zhaoxi.Microservice.WebApiDemo] [Information] SkyApm.Service.CLRStatsService : Report CLR Stats. CPU UsagePercent 0 GenCollectCount 0 0 0 12M ThreadPool 32757 32767 1000 1000
2020-08-21 21:12:42.500 +08:00 [Zhaoxi.Microservice.WebApiDemo] [Information] SkyApm.Service.PingService : Ping server @2020/8/21 13:12:42 +00:00
2020-08-21 21:12:48.501 +08:00 [Zhaoxi.Microservice.WebApiDemo] [Information] SkyApm.Transport.Grpc.V6.SegmentReporter : Report 1 trace segment. cost: 00:00:00.0021509s
2020-08-21 21:13:00.502 +08:00 [Zhaoxi.Microservice.WebApiDemo] [Information] SkyApm.Transport.Grpc.V6.SegmentReporter : Report 1 trace segment. cost: 00:00:00.0021016s
2020-08-21 21:13:12.501 +08:00 [Zhaoxi.Microservice.WebApiDemo] [Information] SkyApm.Service.CLRStatsService : Report CLR Stats. CPU UsagePercent 0 GenCollectCount 0 0 0 13M ThreadPool 32760 32767 1000 1000
2020-08-21 21:13:12.501 +08:00 [Zhaoxi.Microservice.WebApiDemo] [Information] SkyApm.Transport.Grpc.V6.SegmentReporter : Report 1 trace segment. cost: 00:00:00.0025341s
2020-08-21 21:13:24.504 +08:00 [Zhaoxi.Microservice.WebApiDemo] [Information] SkyApm.Transport.Grpc.V6.SegmentReporter : Report 1 trace segment. cost: 00:00:00.0017370s
2020-08-21 21:13:36.501 +08:00 [Zhaoxi.Microservice.WebApiDemo] [Information] SkyApm.Transport.Grpc.V6.SegmentReporter : Report 1 trace segment. cost: 00:00:00.0021138s
2020-08-21 21:13:42.503 +08:00 [Zhaoxi.Microservice.WebApiDemo] [Information] SkyApm.Service.CLRStatsService : Report CLR Stats. CPU UsagePercent 0.015625 GenCollectCount 0 0 0 13M ThreadPool 32757 32767 1000 1000
2020-08-21 21:13:42.503 +08:00 [Zhaoxi.Microservice.WebApiDemo] [Information] SkyApm.Service.PingService : Ping server @2020/8/21 13:13:42 +00:00
2020-08-21 21:13:48.500 +08:00 [Zhaoxi.Microservice.WebApiDemo] [Information] SkyApm.Transport.Grpc.V6.SegmentReporter : Report 1 trace segment. cost: 00:00:00.0023283s
2020-08-21 21:14:00.502 +08:00 [Zhaoxi.Microservice.WebApiDemo] [Information] SkyApm.Transport.Grpc.V6.SegmentReporter : Report 1 trace segment. cost: 00:00:00.0018916s
2020-08-21 21:14:12.504 +08:00 [Zhaoxi.Microservice.WebApiDemo] [Information] SkyApm.Service.CLRStatsService : Report CLR Stats. CPU UsagePercent 0.0625 GenCollectCount 0 0 0 14M ThreadPool 32761 32767 1000 1000
2020-08-21 21:14:12.506 +08:00 [Zhaoxi.Microservice.WebApiDemo] [Information] SkyApm.Transport.Grpc.V6.SegmentReporter : Report 1 trace segment. cost: 00:00:00.0054204s
2020-08-21 21:14:24.502 +08:00 [Zhaoxi.Microservice.WebApiDemo] [Information] SkyApm.Transport.Grpc.V6.SegmentReporter : Report 1 trace segment. cost: 00:00:00.0017376s
2020-08-21 21:14:36.502 +08:00 [Zhaoxi.Microservice.WebApiDemo] [Information] SkyApm.Transport.Grpc.V6.SegmentReporter : Report 1 trace segment. cost: 00:00:00.0019498s
2020-08-21 21:14:42.501 +08:00 [Zhaoxi.Microservice.WebApiDemo] [Information] SkyApm.Service.PingService : Ping server @2020/8/21 13:14:42 +00:00
2020-08-21 21:14:42.502 +08:00 [Zhaoxi.Microservice.WebApiDemo] [Information] SkyApm.Service.CLRStatsService : Report CLR Stats. CPU UsagePercent 0 GenCollectCount 0 0 0 14M ThreadPool 32758 32767 1000 1000
2020-08-21 21:14:48.501 +08:00 [Zhaoxi.Microservice.WebApiDemo] [Information] SkyApm.Transport.Grpc.V6.SegmentReporter : Report 1 trace segment. cost: 00:00:00.0022590s
2020-08-21 21:15:00.503 +08:00 [Zhaoxi.Microservice.WebApiDemo] [Information] SkyApm.Transport.Grpc.V6.SegmentReporter : Report 1 trace segment. cost: 00:00:00.0031255s
2020-08-21 21:15:12.500 +08:00 [Zhaoxi.Microservice.WebApiDemo] [Information] SkyApm.Service.CLRStatsService : Report CLR Stats. CPU UsagePercent 0 GenCollectCount 0 0 0 14M ThreadPool 32759 32767 1000 1000
2020-08-21 21:15:12.500 +08:00 [Zhaoxi.Microservice.WebApiDemo] [Information] SkyApm.Transport.Grpc.V6.SegmentReporter : Report 1 trace segment. cost: 00:00:00.0024086s
2020-08-21 21:15:24.501 +08:00 [Zhaoxi.Microservice.WebApiDemo] [Information] SkyApm.Transport.Grpc.V6.SegmentReporter : Report 1 trace segment. cost: 00:00:00.0027485s
2020-08-21 21:15:36.501 +08:00 [Zhaoxi.Microservice.WebApiDemo] [Information] SkyApm.Transport.Grpc.V6.SegmentReporter : Report 1 trace segment. cost: 00:00:00.0021971s
2020-08-21 21:15:42.501 +08:00 [Zhaoxi.Microservice.WebApiDemo] [Information] SkyApm.Service.PingService : Ping server @2020/8/21 13:15:42 +00:00
2020-08-21 21:15:42.502 +08:00 [Zhaoxi.Microservice.WebApiDemo] [Information] SkyApm.Service.CLRStatsService : Report CLR Stats. CPU UsagePercent 0 GenCollectCount 0 0 0 15M ThreadPool 32763 32767 1000 1000
2020-08-21 21:15:48.506 +08:00 [Zhaoxi.Microservice.WebApiDemo] [Information] SkyApm.Transport.Grpc.V6.SegmentReporter : Report 1 trace segment. cost: 00:00:00.0015605s
2020-08-21 21:16:00.500 +08:00 [Zhaoxi.Microservice.WebApiDemo] [Information] SkyApm.Transport.Grpc.V6.SegmentReporter : Report 1 trace segment. cost: 00:00:00.0016490s
2020-08-21 21:16:12.500 +08:00 [Zhaoxi.Microservice.WebApiDemo] [Information] SkyApm.Service.CLRStatsService : Report CLR Stats. CPU UsagePercent 0 GenCollectCount 0 0 0 15M ThreadPool 32762 32767 1000 1000
2020-08-21 21:16:12.500 +08:00 [Zhaoxi.Microservice.WebApiDemo] [Information] SkyApm.Transport.Grpc.V6.SegmentReporter : Report 1 trace segment. cost: 00:00:00.0022229s
2020-08-21 21:16:24.500 +08:00 [Zhaoxi.Microservice.WebApiDemo] [Information] SkyApm.Transport.Grpc.V6.SegmentReporter : Report 1 trace segment. cost: 00:00:00.0018428s
2020-08-21 21:16:36.502 +08:00 [Zhaoxi.Microservice.WebApiDemo] [Information] SkyApm.Transport.Grpc.V6.SegmentReporter : Report 1 trace segment. cost: 00:00:00.0022868s
2020-08-21 21:16:42.501 +08:00 [Zhaoxi.Microservice.WebApiDemo] [Information] SkyApm.Service.CLRStatsService : Report CLR Stats. CPU UsagePercent 0 GenCollectCount 0 0 0 15M ThreadPool 32755 32767 1000 1000
2020-08-21 21:16:42.501 +08:00 [Zhaoxi.Microservice.WebApiDemo] [Information] SkyApm.Service.PingService : Ping server @2020/8/21 13:16:42 +00:00
2020-08-21 21:16:48.503 +08:00 [Zhaoxi.Microservice.WebApiDemo] [Information] SkyApm.Transport.Grpc.V6.SegmentReporter : Report 1 trace segment. cost: 00:00:00.0025299s
2020-08-21 21:17:00.500 +08:00 [Zhaoxi.Microservice.WebApiDemo] [Information] SkyApm.Transport.Grpc.V6.SegmentReporter : Report 1 trace segment. cost: 00:00:00.0017748s
2020-08-21 21:17:12.501 +08:00 [Zhaoxi.Microservice.WebApiDemo] [Information] SkyApm.Service.CLRStatsService : Report CLR Stats. CPU UsagePercent 0 GenCollectCount 0 0 0 16M ThreadPool 32760 32767 1000 1000
2020-08-21 21:17:12.501 +08:00 [Zhaoxi.Microservice.WebApiDemo] [Information] SkyApm.Transport.Grpc.V6.SegmentReporter : Report 1 trace segment. cost: 00:00:00.0026789s
2020-08-21 21:17:24.504 +08:00 [Zhaoxi.Microservice.WebApiDemo] [Information] SkyApm.Transport.Grpc.V6.SegmentReporter : Report 1 trace segment. cost: 00:00:00.0029484s
2020-08-21 21:17:36.499 +08:00 [Zhaoxi.Microservice.WebApiDemo] [Information] SkyApm.Transport.Grpc.V6.SegmentReporter : Report 1 trace segment. cost: 00:00:00.0014058s
2020-08-21 21:17:42.501 +08:00 [Zhaoxi.Microservice.WebApiDemo] [Information] SkyApm.Service.PingService : Ping server @2020/8/21 13:17:42 +00:00
2020-08-21 21:17:42.502 +08:00 [Zhaoxi.Microservice.WebApiDemo] [Information] SkyApm.Service.CLRStatsService : Report CLR Stats. CPU UsagePercent 0 GenCollectCount 0 0 0 16M ThreadPool 32762 32767 1000 1000
2020-08-21 21:17:48.501 +08:00 [Zhaoxi.Microservice.WebApiDemo] [Information] SkyApm.Transport.Grpc.V6.SegmentReporter : Report 1 trace segment. cost: 00:00:00.0020410s
2020-08-21 21:18:00.500 +08:00 [Zhaoxi.Microservice.WebApiDemo] [Information] SkyApm.Transport.Grpc.V6.SegmentReporter : Report 1 trace segment. cost: 00:00:00.0017848s
2020-08-21 21:18:12.504 +08:00 [Zhaoxi.Microservice.WebApiDemo] [Information] SkyApm.Service.CLRStatsService : Report CLR Stats. CPU UsagePercent 0 GenCollectCount 0 0 0 16M ThreadPool 32760 32767 1000 1000
2020-08-21 21:18:12.505 +08:00 [Zhaoxi.Microservice.WebApiDemo] [Information] SkyApm.Transport.Grpc.V6.SegmentReporter : Report 1 trace segment. cost: 00:00:00.0021715s
2020-08-21 21:18:24.503 +08:00 [Zhaoxi.Microservice.WebApiDemo] [Information] SkyApm.Transport.Grpc.V6.SegmentReporter : Report 1 trace segment. cost: 00:00:00.0018606s
2020-08-21 21:18:36.500 +08:00 [Zhaoxi.Microservice.WebApiDemo] [Information] SkyApm.Transport.Grpc.V6.SegmentReporter : Report 1 trace segment. cost: 00:00:00.0016790s
2020-08-21 21:18:42.503 +08:00 [Zhaoxi.Microservice.WebApiDemo] [Information] SkyApm.Service.PingService : Ping server @2020/8/21 13:18:42 +00:00
2020-08-21 21:18:42.503 +08:00 [Zhaoxi.Microservice.WebApiDemo] [Information] SkyApm.Service.CLRStatsService : Report CLR Stats. CPU UsagePercent 0 GenCollectCount 0 0 0 17M ThreadPool 32759 32767 1000 1000
2020-08-21 21:18:48.503 +08:00 [Zhaoxi.Microservice.WebApiDemo] [Information] SkyApm.Transport.Grpc.V6.SegmentReporter : Report 1 trace segment. cost: 00:00:00.0014147s
2020-08-21 21:19:00.502 +08:00 [Zhaoxi.Microservice.WebApiDemo] [Information] SkyApm.Transport.Grpc.V6.SegmentReporter : Report 1 trace segment. cost: 00:00:00.0020391s
2020-08-21 21:19:12.501 +08:00 [Zhaoxi.Microservice.WebApiDemo] [Information] SkyApm.Service.CLRStatsService : Report CLR Stats. CPU UsagePercent 0 GenCollectCount 0 0 0 17M ThreadPool 32761 32767 1000 1000
2020-08-21 21:19:12.502 +08:00 [Zhaoxi.Microservice.WebApiDemo] [Information] SkyApm.Transport.Grpc.V6.SegmentReporter : Report 1 trace segment. cost: 00:00:00.0021025s
2020-08-21 21:19:24.493 +08:00 [Zhaoxi.Microservice.WebApiDemo] [Information] SkyApm.Transport.Grpc.V6.SegmentReporter : Report 1 trace segment. cost: 00:00:00.0018859s
2020-08-21 21:19:36.501 +08:00 [Zhaoxi.Microservice.WebApiDemo] [Information] SkyApm.Transport.Grpc.V6.SegmentReporter : Report 1 trace segment. cost: 00:00:00.0018962s
2020-08-21 21:19:42.500 +08:00 [Zhaoxi.Microservice.WebApiDemo] [Information] SkyApm.Service.PingService : Ping server @2020/8/21 13:19:42 +00:00
2020-08-21 21:19:42.501 +08:00 [Zhaoxi.Microservice.WebApiDemo] [Information] SkyApm.Service.CLRStatsService : Report CLR Stats. CPU UsagePercent 0 GenCollectCount 0 0 0 18M ThreadPool 32756 32767 1000 1000
2020-08-21 21:19:48.500 +08:00 [Zhaoxi.Microservice.WebApiDemo] [Information] SkyApm.Transport.Grpc.V6.SegmentReporter : Report 1 trace segment. cost: 00:00:00.0015792s
2020-08-21 21:20:00.503 +08:00 [Zhaoxi.Microservice.WebApiDemo] [Information] SkyApm.Transport.Grpc.V6.SegmentReporter : Report 1 trace segment. cost: 00:00:00.0017344s
2020-08-21 21:20:12.505 +08:00 [Zhaoxi.Microservice.WebApiDemo] [Information] SkyApm.Service.CLRStatsService : Report CLR Stats. CPU UsagePercent 0 GenCollectCount 0 0 0 18M ThreadPool 32757 32767 1000 1000
2020-08-21 21:20:12.506 +08:00 [Zhaoxi.Microservice.WebApiDemo] [Information] SkyApm.Transport.Grpc.V6.SegmentReporter : Report 1 trace segment. cost: 00:00:00.0046682s
2020-08-21 21:20:27.506 +08:00 [Zhaoxi.Microservice.WebApiDemo] [Information] SkyApm.Transport.Grpc.ConnectionManager : Shutdown connection[127.0.0.1:11800].
2020-08-21 21:20:37.511 +08:00 [Zhaoxi.Microservice.WebApiDemo] [Error] SkyApm.Transport.Grpc.ConnectionManager : Connect server timeout.
System.Threading.Tasks.TaskCanceledException: Reached deadline.
   at Grpc.Core.Channel.WaitForStateChangedAsync(ChannelState lastObservedState, Nullable`1 deadline)
   at Grpc.Core.Channel.ConnectAsync(Nullable`1 deadline)
   at SkyApm.Transport.Grpc.ConnectionManager.ConnectAsync()
2020-08-21 21:20:42.499 +08:00 [Zhaoxi.Microservice.WebApiDemo] [Information] SkyApm.Service.CLRStatsService : Report CLR Stats. CPU UsagePercent 0 GenCollectCount 0 0 0 19M ThreadPool 32756 32767 1000 1000
2020-08-21 21:20:42.499 +08:00 [Zhaoxi.Microservice.WebApiDemo] [Information] SkyApm.Service.PingService : Ping server @2020/8/21 13:20:42 +00:00
2020-08-21 21:20:42.500 +08:00 [Zhaoxi.Microservice.WebApiDemo] [Information] SkyApm.Transport.Grpc.ConnectionManager : Shutdown connection[127.0.0.1:11800].
2020-08-21 21:20:52.505 +08:00 [Zhaoxi.Microservice.WebApiDemo] [Error] SkyApm.Transport.Grpc.ConnectionManager : Connect server timeout.
System.Threading.Tasks.TaskCanceledException: Reached deadline.
   at Grpc.Core.Channel.WaitForStateChangedAsync(ChannelState lastObservedState, Nullable`1 deadline)
   at Grpc.Core.Channel.ConnectAsync(Nullable`1 deadline)
   at SkyApm.Transport.Grpc.ConnectionManager.ConnectAsync()
2020-08-21 21:20:57.499 +08:00 [Zhaoxi.Microservice.WebApiDemo] [Information] SkyApm.Transport.Grpc.ConnectionManager : Shutdown connection[127.0.0.1:11800].
2020-08-21 21:21:07.502 +08:00 [Zhaoxi.Microservice.WebApiDemo] [Error] SkyApm.Transport.Grpc.ConnectionManager : Connect server timeout.
System.Threading.Tasks.TaskCanceledException: Reached deadline.
   at Grpc.Core.Channel.WaitForStateChangedAsync(ChannelState lastObservedState, Nullable`1 deadline)
   at Grpc.Core.Channel.ConnectAsync(Nullable`1 deadline)
   at SkyApm.Transport.Grpc.ConnectionManager.ConnectAsync()
2020-08-21 21:21:12.498 +08:00 [Zhaoxi.Microservice.WebApiDemo] [Information] SkyApm.Service.CLRStatsService : Report CLR Stats. CPU UsagePercent 0 GenCollectCount 0 0 0 19M ThreadPool 32759 32767 1000 1000
2020-08-21 21:21:12.499 +08:00 [Zhaoxi.Microservice.WebApiDemo] [Information] SkyApm.Transport.Grpc.ConnectionManager : Shutdown connection[127.0.0.1:11800].
2020-08-21 21:21:22.502 +08:00 [Zhaoxi.Microservice.WebApiDemo] [Error] SkyApm.Transport.Grpc.ConnectionManager : Connect server timeout.
System.Threading.Tasks.TaskCanceledException: Reached deadline.
   at Grpc.Core.Channel.WaitForStateChangedAsync(ChannelState lastObservedState, Nullable`1 deadline)
   at Grpc.Core.Channel.ConnectAsync(Nullable`1 deadline)
   at SkyApm.Transport.Grpc.ConnectionManager.ConnectAsync()
2020-08-21 21:21:27.500 +08:00 [Zhaoxi.Microservice.WebApiDemo] [Information] SkyApm.Transport.Grpc.ConnectionManager : Shutdown connection[127.0.0.1:11800].
2020-08-21 21:21:37.508 +08:00 [Zhaoxi.Microservice.WebApiDemo] [Error] SkyApm.Transport.Grpc.ConnectionManager : Connect server timeout.
System.Threading.Tasks.TaskCanceledException: Reached deadline.
   at Grpc.Core.Channel.WaitForStateChangedAsync(ChannelState lastObservedState, Nullable`1 deadline)
   at Grpc.Core.Channel.ConnectAsync(Nullable`1 deadline)
   at SkyApm.Transport.Grpc.ConnectionManager.ConnectAsync()
2020-08-21 21:21:42.504 +08:00 [Zhaoxi.Microservice.WebApiDemo] [Information] SkyApm.Service.CLRStatsService : Report CLR Stats. CPU UsagePercent 0 GenCollectCount 0 0 0 20M ThreadPool 32759 32767 1000 1000
2020-08-21 21:21:42.504 +08:00 [Zhaoxi.Microservice.WebApiDemo] [Information] SkyApm.Service.PingService : Ping server @2020/8/21 13:21:42 +00:00
2020-08-21 21:21:42.505 +08:00 [Zhaoxi.Microservice.WebApiDemo] [Information] SkyApm.Transport.Grpc.ConnectionManager : Shutdown connection[127.0.0.1:11800].
2020-08-21 21:21:52.510 +08:00 [Zhaoxi.Microservice.WebApiDemo] [Error] SkyApm.Transport.Grpc.ConnectionManager : Connect server timeout.
System.Threading.Tasks.TaskCanceledException: Reached deadline.
   at Grpc.Core.Channel.WaitForStateChangedAsync(ChannelState lastObservedState, Nullable`1 deadline)
   at Grpc.Core.Channel.ConnectAsync(Nullable`1 deadline)
   at SkyApm.Transport.Grpc.ConnectionManager.ConnectAsync()
2020-08-21 21:21:57.503 +08:00 [Zhaoxi.Microservice.WebApiDemo] [Information] SkyApm.Transport.Grpc.ConnectionManager : Shutdown connection[127.0.0.1:11800].
2020-08-21 21:22:07.505 +08:00 [Zhaoxi.Microservice.WebApiDemo] [Error] SkyApm.Transport.Grpc.ConnectionManager : Connect server timeout.
System.Threading.Tasks.TaskCanceledException: Reached deadline.
   at Grpc.Core.Channel.WaitForStateChangedAsync(ChannelState lastObservedState, Nullable`1 deadline)
   at Grpc.Core.Channel.ConnectAsync(Nullable`1 deadline)
   at SkyApm.Transport.Grpc.ConnectionManager.ConnectAsync()
2020-08-21 21:22:12.498 +08:00 [Zhaoxi.Microservice.WebApiDemo] [Information] SkyApm.Service.CLRStatsService : Report CLR Stats. CPU UsagePercent 0 GenCollectCount 0 0 0 21M ThreadPool 32763 32767 1000 1000
2020-08-21 21:22:12.498 +08:00 [Zhaoxi.Microservice.WebApiDemo] [Information] SkyApm.Transport.Grpc.ConnectionManager : Shutdown connection[127.0.0.1:11800].
2020-08-21 21:22:22.509 +08:00 [Zhaoxi.Microservice.WebApiDemo] [Error] SkyApm.Transport.Grpc.ConnectionManager : Connect server timeout.
System.Threading.Tasks.TaskCanceledException: Reached deadline.
   at Grpc.Core.Channel.WaitForStateChangedAsync(ChannelState lastObservedState, Nullable`1 deadline)
   at Grpc.Core.Channel.ConnectAsync(Nullable`1 deadline)
   at SkyApm.Transport.Grpc.ConnectionManager.ConnectAsync()
2020-08-21 21:22:27.613 +08:00 [Zhaoxi.Microservice.WebApiDemo] [Information] SkyApm.Transport.Grpc.ConnectionManager : Shutdown connection[127.0.0.1:11800].
2020-08-21 21:22:37.828 +08:00 [Zhaoxi.Microservice.WebApiDemo] [Error] SkyApm.Transport.Grpc.ConnectionManager : Connect server timeout.
System.Threading.Tasks.TaskCanceledException: Reached deadline.
   at Grpc.Core.Channel.WaitForStateChangedAsync(ChannelState lastObservedState, Nullable`1 deadline)
   at Grpc.Core.Channel.ConnectAsync(Nullable`1 deadline)
   at SkyApm.Transport.Grpc.ConnectionManager.ConnectAsync()
2020-08-21 21:22:42.499 +08:00 [Zhaoxi.Microservice.WebApiDemo] [Information] SkyApm.Service.PingService : Ping server @2020/8/21 13:22:42 +00:00
2020-08-21 21:22:42.499 +08:00 [Zhaoxi.Microservice.WebApiDemo] [Information] SkyApm.Service.CLRStatsService : Report CLR Stats. CPU UsagePercent 0 GenCollectCount 0 0 0 22M ThreadPool 32756 32767 1000 1000
2020-08-21 21:22:42.502 +08:00 [Zhaoxi.Microservice.WebApiDemo] [Information] SkyApm.Transport.Grpc.ConnectionManager : Shutdown connection[127.0.0.1:11800].
2020-08-21 21:22:52.514 +08:00 [Zhaoxi.Microservice.WebApiDemo] [Error] SkyApm.Transport.Grpc.ConnectionManager : Connect server timeout.
System.Threading.Tasks.TaskCanceledException: Reached deadline.
   at Grpc.Core.Channel.WaitForStateChangedAsync(ChannelState lastObservedState, Nullable`1 deadline)
   at Grpc.Core.Channel.ConnectAsync(Nullable`1 deadline)
   at SkyApm.Transport.Grpc.ConnectionManager.ConnectAsync()
2020-08-21 21:22:57.497 +08:00 [Zhaoxi.Microservice.WebApiDemo] [Information] SkyApm.Transport.Grpc.ConnectionManager : Shutdown connection[127.0.0.1:11800].
2020-08-21 21:23:07.502 +08:00 [Zhaoxi.Microservice.WebApiDemo] [Error] SkyApm.Transport.Grpc.ConnectionManager : Connect server timeout.
System.Threading.Tasks.TaskCanceledException: Reached deadline.
   at Grpc.Core.Channel.WaitForStateChangedAsync(ChannelState lastObservedState, Nullable`1 deadline)
   at Grpc.Core.Channel.ConnectAsync(Nullable`1 deadline)
   at SkyApm.Transport.Grpc.ConnectionManager.ConnectAsync()
2020-08-21 21:23:12.501 +08:00 [Zhaoxi.Microservice.WebApiDemo] [Information] SkyApm.Service.CLRStatsService : Report CLR Stats. CPU UsagePercent 0 GenCollectCount 0 0 0 22M ThreadPool 32759 32767 1000 1000
2020-08-21 21:23:12.503 +08:00 [Zhaoxi.Microservice.WebApiDemo] [Information] SkyApm.Transport.Grpc.ConnectionManager : Shutdown connection[127.0.0.1:11800].
2020-08-21 21:23:22.532 +08:00 [Zhaoxi.Microservice.WebApiDemo] [Error] SkyApm.Transport.Grpc.ConnectionManager : Connect server timeout.
System.Threading.Tasks.TaskCanceledException: Reached deadline.
   at Grpc.Core.Channel.WaitForStateChangedAsync(ChannelState lastObservedState, Nullable`1 deadline)
   at Grpc.Core.Channel.ConnectAsync(Nullable`1 deadline)
   at SkyApm.Transport.Grpc.ConnectionManager.ConnectAsync()
2020-08-21 21:23:27.500 +08:00 [Zhaoxi.Microservice.WebApiDemo] [Information] SkyApm.Transport.Grpc.ConnectionManager : Shutdown connection[127.0.0.1:11800].
2020-08-21 21:23:37.504 +08:00 [Zhaoxi.Microservice.WebApiDemo] [Error] SkyApm.Transport.Grpc.ConnectionManager : Connect server timeout.
System.Threading.Tasks.TaskCanceledException: Reached deadline.
   at Grpc.Core.Channel.WaitForStateChangedAsync(ChannelState lastObservedState, Nullable`1 deadline)
   at Grpc.Core.Channel.ConnectAsync(Nullable`1 deadline)
   at SkyApm.Transport.Grpc.ConnectionManager.ConnectAsync()
2020-08-21 21:23:42.503 +08:00 [Zhaoxi.Microservice.WebApiDemo] [Information] SkyApm.Service.CLRStatsService : Report CLR Stats. CPU UsagePercent 0 GenCollectCount 0 0 0 23M ThreadPool 32759 32767 1000 1000
2020-08-21 21:23:42.503 +08:00 [Zhaoxi.Microservice.WebApiDemo] [Information] SkyApm.Service.PingService : Ping server @2020/8/21 13:23:42 +00:00
2020-08-21 21:23:42.503 +08:00 [Zhaoxi.Microservice.WebApiDemo] [Information] SkyApm.Transport.Grpc.ConnectionManager : Shutdown connection[127.0.0.1:11800].
2020-08-21 21:23:52.506 +08:00 [Zhaoxi.Microservice.WebApiDemo] [Error] SkyApm.Transport.Grpc.ConnectionManager : Connect server timeout.
System.Threading.Tasks.TaskCanceledException: Reached deadline.
   at Grpc.Core.Channel.WaitForStateChangedAsync(ChannelState lastObservedState, Nullable`1 deadline)
   at Grpc.Core.Channel.ConnectAsync(Nullable`1 deadline)
   at SkyApm.Transport.Grpc.ConnectionManager.ConnectAsync()
2020-08-21 21:23:57.501 +08:00 [Zhaoxi.Microservice.WebApiDemo] [Information] SkyApm.Transport.Grpc.ConnectionManager : Shutdown connection[127.0.0.1:11800].
2020-08-21 21:24:07.504 +08:00 [Zhaoxi.Microservice.WebApiDemo] [Error] SkyApm.Transport.Grpc.ConnectionManager : Connect server timeout.
System.Threading.Tasks.TaskCanceledException: Reached deadline.
   at Grpc.Core.Channel.WaitForStateChangedAsync(ChannelState lastObservedState, Nullable`1 deadline)
   at Grpc.Core.Channel.ConnectAsync(Nullable`1 deadline)
   at SkyApm.Transport.Grpc.ConnectionManager.ConnectAsync()
2020-08-21 21:24:12.498 +08:00 [Zhaoxi.Microservice.WebApiDemo] [Information] SkyApm.Service.CLRStatsService : Report CLR Stats. CPU UsagePercent 0 GenCollectCount 0 0 0 24M ThreadPool 32757 32767 1000 1000
2020-08-21 21:24:12.499 +08:00 [Zhaoxi.Microservice.WebApiDemo] [Information] SkyApm.Transport.Grpc.ConnectionManager : Shutdown connection[127.0.0.1:11800].
2020-08-21 21:24:22.502 +08:00 [Zhaoxi.Microservice.WebApiDemo] [Error] SkyApm.Transport.Grpc.ConnectionManager : Connect server timeout.
System.Threading.Tasks.TaskCanceledException: Reached deadline.
   at Grpc.Core.Channel.WaitForStateChangedAsync(ChannelState lastObservedState, Nullable`1 deadline)
   at Grpc.Core.Channel.ConnectAsync(Nullable`1 deadline)
   at SkyApm.Transport.Grpc.ConnectionManager.ConnectAsync()
2020-08-21 21:24:27.500 +08:00 [Zhaoxi.Microservice.WebApiDemo] [Information] SkyApm.Transport.Grpc.ConnectionManager : Shutdown connection[127.0.0.1:11800].
2020-08-21 21:24:37.503 +08:00 [Zhaoxi.Microservice.WebApiDemo] [Error] SkyApm.Transport.Grpc.ConnectionManager : Connect server timeout.
System.Threading.Tasks.TaskCanceledException: Reached deadline.
   at Grpc.Core.Channel.WaitForStateChangedAsync(ChannelState lastObservedState, Nullable`1 deadline)
   at Grpc.Core.Channel.ConnectAsync(Nullable`1 deadline)
   at SkyApm.Transport.Grpc.ConnectionManager.ConnectAsync()
2020-08-21 21:24:42.499 +08:00 [Zhaoxi.Microservice.WebApiDemo] [Information] SkyApm.Service.PingService : Ping server @2020/8/21 13:24:42 +00:00
2020-08-21 21:24:42.499 +08:00 [Zhaoxi.Microservice.WebApiDemo] [Information] SkyApm.Service.CLRStatsService : Report CLR Stats. CPU UsagePercent 0 GenCollectCount 0 0 0 25M ThreadPool 32759 32767 1000 1000
2020-08-21 21:24:42.502 +08:00 [Zhaoxi.Microservice.WebApiDemo] [Information] SkyApm.Transport.Grpc.ConnectionManager : Shutdown connection[127.0.0.1:11800].
2020-08-21 21:24:52.513 +08:00 [Zhaoxi.Microservice.WebApiDemo] [Error] SkyApm.Transport.Grpc.ConnectionManager : Connect server timeout.
System.Threading.Tasks.TaskCanceledException: Reached deadline.
   at Grpc.Core.Channel.WaitForStateChangedAsync(ChannelState lastObservedState, Nullable`1 deadline)
   at Grpc.Core.Channel.ConnectAsync(Nullable`1 deadline)
   at SkyApm.Transport.Grpc.ConnectionManager.ConnectAsync()
2020-08-21 21:24:57.517 +08:00 [Zhaoxi.Microservice.WebApiDemo] [Information] SkyApm.Transport.Grpc.ConnectionManager : Shutdown connection[127.0.0.1:11800].
2020-08-21 21:25:07.730 +08:00 [Zhaoxi.Microservice.WebApiDemo] [Error] SkyApm.Transport.Grpc.ConnectionManager : Connect server timeout.
System.Threading.Tasks.TaskCanceledException: Reached deadline.
   at Grpc.Core.Channel.WaitForStateChangedAsync(ChannelState lastObservedState, Nullable`1 deadline)
   at Grpc.Core.Channel.ConnectAsync(Nullable`1 deadline)
   at SkyApm.Transport.Grpc.ConnectionManager.ConnectAsync()
2020-08-21 21:25:12.499 +08:00 [Zhaoxi.Microservice.WebApiDemo] [Information] SkyApm.Service.CLRStatsService : Report CLR Stats. CPU UsagePercent 0 GenCollectCount 0 0 0 25M ThreadPool 32759 32767 1000 1000
2020-08-21 21:25:12.503 +08:00 [Zhaoxi.Microservice.WebApiDemo] [Information] SkyApm.Transport.Grpc.ConnectionManager : Shutdown connection[127.0.0.1:11800].
2020-08-21 21:25:12.514 +08:00 [Zhaoxi.Microservice.WebApiDemo] [Information] SkyApm.Transport.Grpc.ConnectionManager : Connected server[127.0.0.1:11800].
2020-08-21 21:25:24.885 +08:00 [Zhaoxi.Microservice.WebApiDemo] [Information] SkyApm.Transport.Grpc.V6.SegmentReporter : Report 1 trace segment. cost: 00:00:00.2857275s
2020-08-21 21:25:39.501 +08:00 [Zhaoxi.Microservice.WebApiDemo] [Information] SkyApm.Transport.Grpc.V6.SegmentReporter : Report 1 trace segment. cost: 00:00:00.0034946s
2020-08-21 21:25:42.502 +08:00 [Zhaoxi.Microservice.WebApiDemo] [Information] SkyApm.Service.CLRStatsService : Report CLR Stats. CPU UsagePercent 0 GenCollectCount 0 0 0 26M ThreadPool 32759 32767 1000 1000
2020-08-21 21:25:42.507 +08:00 [Zhaoxi.Microservice.WebApiDemo] [Information] SkyApm.Service.PingService : Ping server @2020/8/21 13:25:42 +00:00
2020-08-21 21:25:51.505 +08:00 [Zhaoxi.Microservice.WebApiDemo] [Information] SkyApm.Transport.Grpc.V6.SegmentReporter : Report 1 trace segment. cost: 00:00:00.0058624s
2020-08-21 21:26:03.502 +08:00 [Zhaoxi.Microservice.WebApiDemo] [Information] SkyApm.Transport.Grpc.V6.SegmentReporter : Report 1 trace segment. cost: 00:00:00.0079011s
2020-08-21 21:26:05.183 +08:00 [Zhaoxi.Microservice.WebApiDemo] [Error] SkyApm.Diagnostics.TracingDiagnosticObserver : Invoke diagnostic method exception.
System.FormatException: The input is not a valid Base-64 string as it contains a non-base 64 character, more than two padding characters, or an illegal character among the padding characters.
   at System.Convert.FromBase64CharPtr(Char* inputPtr, Int32 inputLength)
   at System.Convert.FromBase64String(String s)
   at SkyApm.Base64Formatter.Decode(String value)
   at SkyApm.Tracing.Sw6CarrierFormatter.Decode(String content)
   at SkyApm.Tracing.CarrierPropagator.Extract(ICarrierHeaderCollection headerCollection)
   at SkyApm.Tracing.TracingContext.CreateEntrySegmentContext(String operationName, ICarrierHeaderCollection carrierHeader)
   at SkyApm.AspNetCore.Diagnostics.HostingTracingDiagnosticProcessor.BeginRequest(HttpContext httpContext)
   at invoker_Void BeginRequest(HttpContext)(Object , Object[] )
   at SkyApm.Diagnostics.TracingDiagnosticMethod.Invoke(String diagnosticName, Object value)
   at SkyApm.Diagnostics.TracingDiagnosticObserver.OnNext(KeyValuePair`2 value)
2020-08-21 21:26:12.504 +08:00 [Zhaoxi.Microservice.WebApiDemo] [Information] SkyApm.Service.CLRStatsService : Report CLR Stats. CPU UsagePercent 0 GenCollectCount 0 0 0 26M ThreadPool 32762 32767 1000 1000
2020-08-21 21:26:15.506 +08:00 [Zhaoxi.Microservice.WebApiDemo] [Information] SkyApm.Transport.Grpc.V6.SegmentReporter : Report 1 trace segment. cost: 00:00:00.0055767s
2020-08-21 21:26:27.508 +08:00 [Zhaoxi.Microservice.WebApiDemo] [Information] SkyApm.Transport.Grpc.V6.SegmentReporter : Report 1 trace segment. cost: 00:00:00.0041231s
2020-08-21 21:26:39.505 +08:00 [Zhaoxi.Microservice.WebApiDemo] [Information] SkyApm.Transport.Grpc.V6.SegmentReporter : Report 1 trace segment. cost: 00:00:00.0043934s
2020-08-21 21:26:42.534 +08:00 [Zhaoxi.Microservice.WebApiDemo] [Information] SkyApm.Service.PingService : Ping server @2020/8/21 13:26:42 +00:00
2020-08-21 21:26:42.539 +08:00 [Zhaoxi.Microservice.WebApiDemo] [Information] SkyApm.Service.CLRStatsService : Report CLR Stats. CPU UsagePercent 0 GenCollectCount 0 0 0 27M ThreadPool 32757 32767 1000 1000
2020-08-21 21:26:51.504 +08:00 [Zhaoxi.Microservice.WebApiDemo] [Information] SkyApm.Transport.Grpc.V6.SegmentReporter : Report 1 trace segment. cost: 00:00:00.0038537s
2020-08-21 21:26:55.197 +08:00 [Zhaoxi.Microservice.WebApiDemo] [Information] SkyApm.Service.RegisterService : Stopped instrument service RegisterService.
2020-08-21 21:26:55.198 +08:00 [Zhaoxi.Microservice.WebApiDemo] [Information] SkyApm.Service.PingService : Stopped instrument service PingService.
2020-08-21 21:26:55.198 +08:00 [Zhaoxi.Microservice.WebApiDemo] [Information] SkyApm.Service.ServiceDiscoveryV5Service : Stopped instrument service ServiceDiscoveryV5Service.
2020-08-21 21:26:55.198 +08:00 [Zhaoxi.Microservice.WebApiDemo] [Information] SkyApm.Service.SegmentReportService : Stopped instrument service SegmentReportService.
2020-08-21 21:26:55.198 +08:00 [Zhaoxi.Microservice.WebApiDemo] [Information] SkyApm.Service.CLRStatsService : Stopped instrument service CLRStatsService.
2020-08-21 21:26:55.198 +08:00 [Zhaoxi.Microservice.WebApiDemo] [Information] SkyApm.Sampling.SimpleCountSamplingInterceptor : Stopped instrument service SimpleCountSamplingInterceptor.
2020-08-21 21:26:55.198 +08:00 [Zhaoxi.Microservice.WebApiDemo] [Information] SkyApm.Transport.Grpc.V6.ConnectService : Stopped instrument service ConnectService.
2020-08-21 21:26:55.198 +08:00 [Zhaoxi.Microservice.WebApiDemo] [Information] SkyApm.InstrumentStartup : Stopped SkyAPM .NET Core Agent.
